<?xml version="1.0" encoding="UTF-8"?>
<testng-results ignored="0" total="3" passed="3" failed="0" skipped="0">
  <reporter-output>
    <line>
      <![CDATA[Screenshot taken by name title]]>
    </line>
  </reporter-output>
  <suite started-at="2025-03-11T11:30:42 IST" name="Suite" finished-at="2025-03-11T11:31:16 IST" duration-ms="34401">
    <groups>
    </groups>
    <test started-at="2025-03-11T11:30:42 IST" name="Test" finished-at="2025-03-11T11:31:16 IST" duration-ms="34401">
      <class name="TestCaseDemo.test2">
        <test-method is-config="true" signature="openbrowser()[pri:0, instance:TestCaseDemo.test2@1a5b6f42]" started-at="2025-03-11T11:30:56 IST" name="openbrowser" finished-at="2025-03-11T11:30:59 IST" duration-ms="3775" status="PASS">
          <reporter-output>
          </reporter-output>
        </test-method> <!-- openbrowser -->
        <test-method signature="Testloginbutton(java.lang.String,java.lang.String,java.lang.String)[pri:0, instance:TestCaseDemo.test2@1a5b6f42]" started-at="2025-03-11T11:30:59 IST" name="Testloginbutton" data-provider="dp1" finished-at="2025-03-11T11:31:02 IST" duration-ms="2634" status="PASS">
          <params>
            <param index="0">
              <value>
                <![CDATA[admin]]>
              </value>
            </param>
            <param index="1">
              <value>
                <![CDATA[admin123]]>
              </value>
            </param>
            <param index="2">
              <value>
                <![CDATA[Dashboard]]>
              </value>
            </param>
          </params>
          <reporter-output>
          </reporter-output>
        </test-method> <!-- Testloginbutton -->
        <test-method is-config="true" signature="closebrowser()[pri:0, instance:TestCaseDemo.test2@1a5b6f42]" started-at="2025-03-11T11:31:02 IST" name="closebrowser" finished-at="2025-03-11T11:31:07 IST" duration-ms="5263" status="PASS">
          <reporter-output>
          </reporter-output>
        </test-method> <!-- closebrowser -->
      </class> <!-- TestCaseDemo.test2 -->
      <class name="TestCaseDemo.Test1">
        <test-method is-config="true" signature="openbrowser()[pri:0, instance:TestCaseDemo.Test1@2f67a4d3]" started-at="2025-03-11T11:30:42 IST" name="openbrowser" finished-at="2025-03-11T11:30:48 IST" duration-ms="6065" status="PASS">
          <reporter-output>
          </reporter-output>
        </test-method> <!-- openbrowser -->
        <test-method signature="TestTitle(java.lang.String)[pri:1, instance:TestCaseDemo.Test1@2f67a4d3]" started-at="2025-03-11T11:30:48 IST" name="TestTitle" data-provider="title" finished-at="2025-03-11T11:30:53 IST" duration-ms="5399" status="PASS">
          <params>
            <param index="0">
              <value>
                <![CDATA[OrangeHRM]]>
              </value>
            </param>
          </params>
          <reporter-output>
            <line>
              <![CDATA[Screenshot taken by name title]]>
            </line>
          </reporter-output>
        </test-method> <!-- TestTitle -->
        <test-method is-config="true" signature="closebrowser()[pri:0, instance:TestCaseDemo.Test1@2f67a4d3]" started-at="2025-03-11T11:30:53 IST" name="closebrowser" finished-at="2025-03-11T11:30:54 IST" duration-ms="402" status="PASS">
          <reporter-output>
          </reporter-output>
        </test-method> <!-- closebrowser -->
      </class> <!-- TestCaseDemo.Test1 -->
      <class name="TestCaseDemo.Test3">
        <test-method is-config="true" signature="openbrowser()[pri:0, instance:TestCaseDemo.Test3@5038d0b5]" started-at="2025-03-11T11:31:07 IST" name="openbrowser" finished-at="2025-03-11T11:31:11 IST" duration-ms="4104" status="PASS">
          <reporter-output>
          </reporter-output>
        </test-method> <!-- openbrowser -->
        <test-method signature="TestMenu()[pri:0, instance:TestCaseDemo.Test3@5038d0b5]" started-at="2025-03-11T11:31:11 IST" name="TestMenu" finished-at="2025-03-11T11:31:16 IST" duration-ms="4410" status="PASS">
          <reporter-output>
          </reporter-output>
        </test-method> <!-- TestMenu -->
        <test-method is-config="true" signature="closebrowser()[pri:0, instance:TestCaseDemo.Test3@5038d0b5]" started-at="2025-03-11T11:31:16 IST" name="closebrowser" finished-at="2025-03-11T11:31:16 IST" duration-ms="271" status="PASS">
          <reporter-output>
          </reporter-output>
        </test-method> <!-- closebrowser -->
      </class> <!-- TestCaseDemo.Test3 -->
    </test> <!-- Test -->
  </suite> <!-- Suite -->
</testng-results>
